This file contains any messages produced by compilers while
running configure, to aid debugging if configure makes a mistake.

It was created by SDL2_image configure 2.6.2, which was
generated by GNU Autoconf 2.71.  Invocation command line was

  $ ./configure

## --------- ##
## Platform. ##
## --------- ##

hostname = alexis-MS-7B16
uname -m = x86_64
uname -r = 5.15.0-56-generic
uname -s = Linux
uname -v = #62-Ubuntu SMP Tue Nov 22 19:54:14 UTC 2022

/usr/bin/uname -p = x86_64
/bin/uname -X     = unknown

/bin/arch              = x86_64
/usr/bin/arch -k       = unknown
/usr/convex/getsysinfo = unknown
/usr/bin/hostinfo      = unknown
/bin/machine           = unknown
/usr/bin/oslevel       = unknown
/bin/universe          = unknown

PATH: /usr/local/sbin/
PATH: /usr/local/bin/
PATH: /usr/sbin/
PATH: /usr/bin/
PATH: /sbin/
PATH: /bin/
PATH: /usr/games/
PATH: /usr/local/games/
PATH: /snap/bin/


## ----------- ##
## Core tests. ##
## ----------- ##

configure:2752: looking for aux files: missing install-sh compile config.guess config.sub ltmain.sh
configure:2765:  trying ./
configure:2794:   ./missing found
configure:2776:   ./install-sh found
configure:2794:   ./compile found
configure:2794:   ./config.guess found
configure:2794:   ./config.sub found
configure:2794:   ./ltmain.sh found
configure:2958: checking build system type
configure:2973: result: x86_64-pc-linux-gnu
configure:2993: checking host system type
configure:3007: result: x86_64-pc-linux-gnu
configure:3093: checking for gcc
configure:3114: found /usr/bin/gcc
configure:3125: result: gcc
configure:3478: checking for C compiler version
configure:3487: gcc --version >&5
gcc (Ubuntu 11.3.0-1ubuntu1~22.04) 11.3.0
Copyright (C) 2021 Free Software Foundation, Inc.
This is free software; see the source for copying conditions.  There is NO
warranty; not even for MERCHANTABILITY or FITNESS FOR A PARTICULAR PURPOSE.

configure:3498: $? = 0
configure:3487: gcc -v >&5
Using built-in specs.
COLLECT_GCC=gcc
COLLECT_LTO_WRAPPER=/usr/lib/gcc/x86_64-linux-gnu/11/lto-wrapper
OFFLOAD_TARGET_NAMES=nvptx-none:amdgcn-amdhsa
OFFLOAD_TARGET_DEFAULT=1
Target: x86_64-linux-gnu
Configured with: ../src/configure -v --with-pkgversion='Ubuntu 11.3.0-1ubuntu1~22.04' --with-bugurl=file:///usr/share/doc/gcc-11/README.Bugs --enable-languages=c,ada,c++,go,brig,d,fortran,objc,obj-c++,m2 --prefix=/usr --with-gcc-major-version-only --program-suffix=-11 --program-prefix=x86_64-linux-gnu- --enable-shared --enable-linker-build-id --libexecdir=/usr/lib --without-included-gettext --enable-threads=posix --libdir=/usr/lib --enable-nls --enable-bootstrap --enable-clocale=gnu --enable-libstdcxx-debug --enable-libstdcxx-time=yes --with-default-libstdcxx-abi=new --enable-gnu-unique-object --disable-vtable-verify --enable-plugin --enable-default-pie --with-system-zlib --enable-libphobos-checking=release --with-target-system-zlib=auto --enable-objc-gc=auto --enable-multiarch --disable-werror --enable-cet --with-arch-32=i686 --with-abi=m64 --with-multilib-list=m32,m64,mx32 --enable-multilib --with-tune=generic --enable-offload-targets=nvptx-none=/build/gcc-11-xKiWfi/gcc-11-11.3.0/debian/tmp-nvptx/usr,amdgcn-amdhsa=/build/gcc-11-xKiWfi/gcc-11-11.3.0/debian/tmp-gcn/usr --without-cuda-driver --enable-checking=release --build=x86_64-linux-gnu --host=x86_64-linux-gnu --target=x86_64-linux-gnu --with-build-config=bootstrap-lto-lean --enable-link-serialization=2
Thread model: posix
Supported LTO compression algorithms: zlib zstd
gcc version 11.3.0 (Ubuntu 11.3.0-1ubuntu1~22.04) 
... rest of stderr output deleted ...
configure:3498: $? = 0
configure:3487: gcc -V >&5
gcc: error: unrecognized command-line option '-V'
gcc: fatal error: no input files
compilation terminated.
configure:3498: $? = 1
configure:3487: gcc -qversion >&5
gcc: error: unrecognized command-line option '-qversion'; did you mean '--version'?
gcc: fatal error: no input files
compilation terminated.
configure:3498: $? = 1
configure:3487: gcc -version >&5
gcc: error: unrecognized command-line option '-version'
gcc: fatal error: no input files
compilation terminated.
configure:3498: $? = 1
configure:3518: checking whether the C compiler works
configure:3540: gcc    conftest.c  >&5
configure:3544: $? = 0
configure:3594: result: yes
configure:3597: checking for C compiler default output file name
configure:3599: result: a.out
configure:3605: checking for suffix of executables
configure:3612: gcc -o conftest    conftest.c  >&5
configure:3616: $? = 0
configure:3639: result: 
configure:3661: checking whether we are cross compiling
configure:3669: gcc -o conftest    conftest.c  >&5
configure:3673: $? = 0
configure:3680: ./conftest
configure:3684: $? = 0
configure:3699: result: no
configure:3704: checking for suffix of object files
configure:3727: gcc -c   conftest.c >&5
configure:3731: $? = 0
configure:3753: result: o
configure:3757: checking whether the compiler supports GNU C
configure:3777: gcc -c   conftest.c >&5
configure:3777: $? = 0
configure:3787: result: yes
configure:3798: checking whether gcc accepts -g
configure:3819: gcc -c -g  conftest.c >&5
configure:3819: $? = 0
configure:3863: result: yes
configure:3883: checking for gcc option to enable C11 features
configure:3898: gcc  -c -g -O2  conftest.c >&5
configure:3898: $? = 0
configure:3916: result: none needed
configure:4032: checking whether gcc understands -c and -o together
configure:4055: gcc -c conftest.c -o conftest2.o
configure:4058: $? = 0
configure:4055: gcc -c conftest.c -o conftest2.o
configure:4058: $? = 0
configure:4070: result: yes
configure:4087: checking for a sed that does not truncate output
configure:4157: result: /usr/bin/sed
configure:4175: checking for grep that handles long lines and -e
configure:4239: result: /usr/bin/grep
configure:4244: checking for egrep
configure:4312: result: /usr/bin/grep -E
configure:4317: checking for fgrep
configure:4385: result: /usr/bin/grep -F
configure:4421: checking for ld used by gcc
configure:4489: result: /usr/bin/ld
configure:4496: checking if the linker (/usr/bin/ld) is GNU ld
configure:4512: result: yes
configure:4524: checking for BSD- or MS-compatible name lister (nm)
configure:4574: result: /usr/bin/nm -B
configure:4702: checking the name lister (/usr/bin/nm -B) interface
configure:4710: gcc -c -g -O2  conftest.c >&5
configure:4713: /usr/bin/nm -B "conftest.o"
configure:4716: output
0000000000000000 B some_variable
configure:4723: result: BSD nm
configure:4726: checking whether ln -s works
configure:4730: result: yes
configure:4738: checking the maximum length of command line arguments
configure:4865: result: 1572864
configure:4882: checking whether the shell understands some XSI constructs
configure:4892: result: yes
configure:4896: checking whether the shell understands "+="
configure:4902: result: yes
configure:4937: checking for /usr/bin/ld option to reload object files
configure:4945: result: -r
configure:5019: checking for objdump
configure:5040: found /usr/bin/objdump
configure:5051: result: objdump
configure:5080: checking how to recognize dependent libraries
configure:5282: result: pass_all
configure:5347: checking for ar
configure:5368: found /usr/bin/ar
configure:5379: result: ar
configure:5462: checking for strip
configure:5483: found /usr/bin/strip
configure:5494: result: strip
configure:5571: checking for ranlib
configure:5592: found /usr/bin/ranlib
configure:5603: result: ranlib
configure:5693: checking command to parse /usr/bin/nm -B output from gcc object
configure:5812: gcc -c -g -O2  conftest.c >&5
configure:5815: $? = 0
configure:5819: /usr/bin/nm -B conftest.o \| sed -n -e 's/^.*[	 ]\([ABCDGIRSTW][ABCDGIRSTW]*\)[	 ][	 ]*\([_A-Za-z][_A-Za-z0-9]*\)$/\1 \2 \2/p' \> conftest.nm
configure:5822: $? = 0
configure:5876: gcc -o conftest -g -O2   conftest.c conftstm.o >&5
configure:5879: $? = 0
configure:5917: result: ok
configure:6014: gcc -c -g -O2  conftest.c >&5
configure:6017: $? = 0
configure:6779: checking for stdio.h
configure:6779: gcc -c -g -O2  conftest.c >&5
configure:6779: $? = 0
configure:6779: result: yes
configure:6779: checking for stdlib.h
configure:6779: gcc -c -g -O2  conftest.c >&5
configure:6779: $? = 0
configure:6779: result: yes
configure:6779: checking for string.h
configure:6779: gcc -c -g -O2  conftest.c >&5
configure:6779: $? = 0
configure:6779: result: yes
configure:6779: checking for inttypes.h
configure:6779: gcc -c -g -O2  conftest.c >&5
configure:6779: $? = 0
configure:6779: result: yes
configure:6779: checking for stdint.h
configure:6779: gcc -c -g -O2  conftest.c >&5
configure:6779: $? = 0
configure:6779: result: yes
configure:6779: checking for strings.h
configure:6779: gcc -c -g -O2  conftest.c >&5
configure:6779: $? = 0
configure:6779: result: yes
configure:6779: checking for sys/stat.h
configure:6779: gcc -c -g -O2  conftest.c >&5
configure:6779: $? = 0
configure:6779: result: yes
configure:6779: checking for sys/types.h
configure:6779: gcc -c -g -O2  conftest.c >&5
configure:6779: $? = 0
configure:6779: result: yes
configure:6779: checking for unistd.h
configure:6779: gcc -c -g -O2  conftest.c >&5
configure:6779: $? = 0
configure:6779: result: yes
configure:6804: checking for dlfcn.h
configure:6804: gcc -c -g -O2  conftest.c >&5
configure:6804: $? = 0
configure:6804: result: yes
configure:7317: checking for objdir
configure:7333: result: .libs
configure:7629: checking if gcc supports -fno-rtti -fno-exceptions
configure:7648: gcc -c -g -O2  -fno-rtti -fno-exceptions conftest.c >&5
cc1: warning: command-line option '-fno-rtti' is valid for C++/D/ObjC++ but not for C
configure:7652: $? = 0
configure:7665: result: no
configure:7685: checking for gcc option to produce PIC
configure:7967: result: -fPIC -DPIC
configure:7979: checking if gcc PIC flag -fPIC -DPIC works
configure:7998: gcc -c -g -O2  -fPIC -DPIC -DPIC conftest.c >&5
configure:8002: $? = 0
configure:8015: result: yes
configure:8039: checking if gcc static flag -static works
configure:8068: result: yes
configure:8083: checking if gcc supports -c -o file.o
configure:8105: gcc -c -g -O2  -o out/conftest2.o conftest.c >&5
configure:8109: $? = 0
configure:8131: result: yes
configure:8139: checking if gcc supports -c -o file.o
configure:8187: result: yes
configure:8220: checking whether the gcc linker (/usr/bin/ld -m elf_x86_64) supports shared libraries
configure:9254: result: yes
configure:9291: checking whether -lc should be explicitly linked in
configure:9296: gcc -c -g -O2  conftest.c >&5
configure:9299: $? = 0
configure:9314: gcc -shared conftest.o  -v -Wl,-soname -Wl,conftest -o conftest 2\>\&1 \| /usr/bin/grep  -lc  \>/dev/null 2\>\&1
configure:9317: $? = 0
configure:9329: result: no
configure:9493: checking dynamic linker characteristics
configure:9924: gcc -o conftest -g -O2   -Wl,-rpath -Wl,/foo conftest.c  >&5
configure:9924: $? = 0
configure:10169: result: GNU/Linux ld.so
configure:10271: checking how to hardcode library paths into programs
configure:10296: result: immediate
configure:10820: checking whether stripping libraries is possible
configure:10825: result: yes
configure:10860: checking if libtool supports shared libraries
configure:10862: result: yes
configure:10865: checking whether to build shared libraries
configure:10886: result: yes
configure:10889: checking whether to build static libraries
configure:10893: result: yes
configure:10978: checking for a BSD-compatible install
configure:11051: result: /usr/bin/install -c
configure:11062: checking whether build environment is sane
configure:11117: result: yes
configure:11272: checking for a race-free mkdir -p
configure:11316: result: /usr/bin/mkdir -p
configure:11323: checking for gawk
configure:11358: result: no
configure:11323: checking for mawk
configure:11344: found /usr/bin/mawk
configure:11355: result: mawk
configure:11366: checking whether make sets $(MAKE)
configure:11389: result: yes
configure:11411: checking whether make supports the include directive
configure:11426: make -f confmf.GNU && cat confinc.out
this is the am__doit target
configure:11429: $? = 0
configure:11448: result: yes (GNU style)
configure:11483: checking whether make supports nested variables
configure:11501: result: yes
configure:11586: checking whether UID '1000' is supported by ustar format
configure:11592: result: yes
configure:11599: checking whether GID '1000' is supported by ustar format
configure:11605: result: yes
configure:11613: checking how to create a ustar tar archive
configure:11624: tar --version
tar (GNU tar) 1.34
Copyright (C) 2021 Free Software Foundation, Inc.
License GPLv3+: GNU GPL version 3 or later <https://gnu.org/licenses/gpl.html>.
This is free software: you are free to change and redistribute it.
There is NO WARRANTY, to the extent permitted by law.

Written by John Gilmore and Jay Fenlason.
configure:11627: $? = 0
configure:11667: tardir=conftest.dir && eval tar --format=ustar -cf - "$tardir" >conftest.tar
configure:11670: $? = 0
configure:11674: tar -xf - <conftest.tar
configure:11677: $? = 0
configure:11679: cat conftest.dir/file
GrepMe
configure:11682: $? = 0
configure:11696: result: gnutar
configure:11705: checking dependency style of gcc
configure:11817: result: gcc3
configure:11943: checking for gcc
configure:11975: result: gcc
configure:12328: checking for C compiler version
configure:12337: gcc --version >&5
gcc (Ubuntu 11.3.0-1ubuntu1~22.04) 11.3.0
Copyright (C) 2021 Free Software Foundation, Inc.
This is free software; see the source for copying conditions.  There is NO
warranty; not even for MERCHANTABILITY or FITNESS FOR A PARTICULAR PURPOSE.

configure:12348: $? = 0
configure:12337: gcc -v >&5
Using built-in specs.
COLLECT_GCC=gcc
COLLECT_LTO_WRAPPER=/usr/lib/gcc/x86_64-linux-gnu/11/lto-wrapper
OFFLOAD_TARGET_NAMES=nvptx-none:amdgcn-amdhsa
OFFLOAD_TARGET_DEFAULT=1
Target: x86_64-linux-gnu
Configured with: ../src/configure -v --with-pkgversion='Ubuntu 11.3.0-1ubuntu1~22.04' --with-bugurl=file:///usr/share/doc/gcc-11/README.Bugs --enable-languages=c,ada,c++,go,brig,d,fortran,objc,obj-c++,m2 --prefix=/usr --with-gcc-major-version-only --program-suffix=-11 --program-prefix=x86_64-linux-gnu- --enable-shared --enable-linker-build-id --libexecdir=/usr/lib --without-included-gettext --enable-threads=posix --libdir=/usr/lib --enable-nls --enable-bootstrap --enable-clocale=gnu --enable-libstdcxx-debug --enable-libstdcxx-time=yes --with-default-libstdcxx-abi=new --enable-gnu-unique-object --disable-vtable-verify --enable-plugin --enable-default-pie --with-system-zlib --enable-libphobos-checking=release --with-target-system-zlib=auto --enable-objc-gc=auto --enable-multiarch --disable-werror --enable-cet --with-arch-32=i686 --with-abi=m64 --with-multilib-list=m32,m64,mx32 --enable-multilib --with-tune=generic --enable-offload-targets=nvptx-none=/build/gcc-11-xKiWfi/gcc-11-11.3.0/debian/tmp-nvptx/usr,amdgcn-amdhsa=/build/gcc-11-xKiWfi/gcc-11-11.3.0/debian/tmp-gcn/usr --without-cuda-driver --enable-checking=release --build=x86_64-linux-gnu --host=x86_64-linux-gnu --target=x86_64-linux-gnu --with-build-config=bootstrap-lto-lean --enable-link-serialization=2
Thread model: posix
Supported LTO compression algorithms: zlib zstd
gcc version 11.3.0 (Ubuntu 11.3.0-1ubuntu1~22.04) 
... rest of stderr output deleted ...
configure:12348: $? = 0
configure:12337: gcc -V >&5
gcc: error: unrecognized command-line option '-V'
gcc: fatal error: no input files
compilation terminated.
configure:12348: $? = 1
configure:12337: gcc -qversion >&5
gcc: error: unrecognized command-line option '-qversion'; did you mean '--version'?
gcc: fatal error: no input files
compilation terminated.
configure:12348: $? = 1
configure:12337: gcc -version >&5
gcc: error: unrecognized command-line option '-version'
gcc: fatal error: no input files
compilation terminated.
configure:12348: $? = 1
configure:12352: checking whether the compiler supports GNU C
configure:12382: result: yes
configure:12393: checking whether gcc accepts -g
configure:12458: result: yes
configure:12478: checking for gcc option to enable C11 features
configure:12511: result: none needed
configure:12627: checking whether gcc understands -c and -o together
configure:12665: result: yes
configure:12741: checking for gcc
configure:12762: found /usr/bin/gcc
configure:12773: result: gcc
configure:12798: checking for Objective C compiler version
configure:12807: gcc --version >&5
gcc (Ubuntu 11.3.0-1ubuntu1~22.04) 11.3.0
Copyright (C) 2021 Free Software Foundation, Inc.
This is free software; see the source for copying conditions.  There is NO
warranty; not even for MERCHANTABILITY or FITNESS FOR A PARTICULAR PURPOSE.

configure:12818: $? = 0
configure:12807: gcc -v >&5
Using built-in specs.
COLLECT_GCC=gcc
COLLECT_LTO_WRAPPER=/usr/lib/gcc/x86_64-linux-gnu/11/lto-wrapper
OFFLOAD_TARGET_NAMES=nvptx-none:amdgcn-amdhsa
OFFLOAD_TARGET_DEFAULT=1
Target: x86_64-linux-gnu
Configured with: ../src/configure -v --with-pkgversion='Ubuntu 11.3.0-1ubuntu1~22.04' --with-bugurl=file:///usr/share/doc/gcc-11/README.Bugs --enable-languages=c,ada,c++,go,brig,d,fortran,objc,obj-c++,m2 --prefix=/usr --with-gcc-major-version-only --program-suffix=-11 --program-prefix=x86_64-linux-gnu- --enable-shared --enable-linker-build-id --libexecdir=/usr/lib --without-included-gettext --enable-threads=posix --libdir=/usr/lib --enable-nls --enable-bootstrap --enable-clocale=gnu --enable-libstdcxx-debug --enable-libstdcxx-time=yes --with-default-libstdcxx-abi=new --enable-gnu-unique-object --disable-vtable-verify --enable-plugin --enable-default-pie --with-system-zlib --enable-libphobos-checking=release --with-target-system-zlib=auto --enable-objc-gc=auto --enable-multiarch --disable-werror --enable-cet --with-arch-32=i686 --with-abi=m64 --with-multilib-list=m32,m64,mx32 --enable-multilib --with-tune=generic --enable-offload-targets=nvptx-none=/build/gcc-11-xKiWfi/gcc-11-11.3.0/debian/tmp-nvptx/usr,amdgcn-amdhsa=/build/gcc-11-xKiWfi/gcc-11-11.3.0/debian/tmp-gcn/usr --without-cuda-driver --enable-checking=release --build=x86_64-linux-gnu --host=x86_64-linux-gnu --target=x86_64-linux-gnu --with-build-config=bootstrap-lto-lean --enable-link-serialization=2
Thread model: posix
Supported LTO compression algorithms: zlib zstd
gcc version 11.3.0 (Ubuntu 11.3.0-1ubuntu1~22.04) 
... rest of stderr output deleted ...
configure:12818: $? = 0
configure:12807: gcc -V >&5
gcc: error: unrecognized command-line option '-V'
gcc: fatal error: no input files
compilation terminated.
configure:12818: $? = 1
configure:12807: gcc -qversion >&5
gcc: error: unrecognized command-line option '-qversion'; did you mean '--version'?
gcc: fatal error: no input files
compilation terminated.
configure:12818: $? = 1
configure:12822: checking whether the compiler supports GNU Objective C
configure:12842: gcc -c   conftest.m >&5
gcc: fatal error: cannot execute 'cc1obj': execvp: No such file or directory
compilation terminated.
configure:12842: $? = 1
configure: failed program was:
| /* confdefs.h */
| #define PACKAGE_NAME "SDL2_image"
| #define PACKAGE_TARNAME "SDL2_image"
| #define PACKAGE_VERSION "2.6.2"
| #define PACKAGE_STRING "SDL2_image 2.6.2"
| #define PACKAGE_BUGREPORT "https://github.com/libsdl-org/SDL_image/issues"
| #define PACKAGE_URL ""
| #define HAVE_STDIO_H 1
| #define HAVE_STDLIB_H 1
| #define HAVE_STRING_H 1
| #define HAVE_INTTYPES_H 1
| #define HAVE_STDINT_H 1
| #define HAVE_STRINGS_H 1
| #define HAVE_SYS_STAT_H 1
| #define HAVE_SYS_TYPES_H 1
| #define HAVE_UNISTD_H 1
| #define STDC_HEADERS 1
| #define HAVE_DLFCN_H 1
| #define LT_OBJDIR ".libs/"
| #define SDL_BUILD_MAJOR_VERSION 2
| #define SDL_BUILD_MINOR_VERSION 6
| #define SDL_BUILD_MICRO_VERSION 2
| #define PACKAGE "SDL2_image"
| #define VERSION "2.6.2"
| /* end confdefs.h.  */
| 
| int
| main (void)
| {
| #ifndef __GNUC__
|        choke me
| #endif
| 
|   ;
|   return 0;
| }
configure:12852: result: no
configure:12863: checking whether gcc accepts -g
configure:12884: gcc -c -g  conftest.m >&5
gcc: fatal error: cannot execute 'cc1obj': execvp: No such file or directory
compilation terminated.
configure:12884: $? = 1
configure: failed program was:
| /* confdefs.h */
| #define PACKAGE_NAME "SDL2_image"
| #define PACKAGE_TARNAME "SDL2_image"
| #define PACKAGE_VERSION "2.6.2"
| #define PACKAGE_STRING "SDL2_image 2.6.2"
| #define PACKAGE_BUGREPORT "https://github.com/libsdl-org/SDL_image/issues"
| #define PACKAGE_URL ""
| #define HAVE_STDIO_H 1
| #define HAVE_STDLIB_H 1
| #define HAVE_STRING_H 1
| #define HAVE_INTTYPES_H 1
| #define HAVE_STDINT_H 1
| #define HAVE_STRINGS_H 1
| #define HAVE_SYS_STAT_H 1
| #define HAVE_SYS_TYPES_H 1
| #define HAVE_UNISTD_H 1
| #define STDC_HEADERS 1
| #define HAVE_DLFCN_H 1
| #define LT_OBJDIR ".libs/"
| #define SDL_BUILD_MAJOR_VERSION 2
| #define SDL_BUILD_MINOR_VERSION 6
| #define SDL_BUILD_MICRO_VERSION 2
| #define PACKAGE "SDL2_image"
| #define VERSION "2.6.2"
| /* end confdefs.h.  */
| 
| int
| main (void)
| {
| 
|   ;
|   return 0;
| }
configure:12900: gcc -c   conftest.m >&5
gcc: fatal error: cannot execute 'cc1obj': execvp: No such file or directory
compilation terminated.
configure:12900: $? = 1
configure: failed program was:
| /* confdefs.h */
| #define PACKAGE_NAME "SDL2_image"
| #define PACKAGE_TARNAME "SDL2_image"
| #define PACKAGE_VERSION "2.6.2"
| #define PACKAGE_STRING "SDL2_image 2.6.2"
| #define PACKAGE_BUGREPORT "https://github.com/libsdl-org/SDL_image/issues"
| #define PACKAGE_URL ""
| #define HAVE_STDIO_H 1
| #define HAVE_STDLIB_H 1
| #define HAVE_STRING_H 1
| #define HAVE_INTTYPES_H 1
| #define HAVE_STDINT_H 1
| #define HAVE_STRINGS_H 1
| #define HAVE_SYS_STAT_H 1
| #define HAVE_SYS_TYPES_H 1
| #define HAVE_UNISTD_H 1
| #define STDC_HEADERS 1
| #define HAVE_DLFCN_H 1
| #define LT_OBJDIR ".libs/"
| #define SDL_BUILD_MAJOR_VERSION 2
| #define SDL_BUILD_MINOR_VERSION 6
| #define SDL_BUILD_MICRO_VERSION 2
| #define PACKAGE "SDL2_image"
| #define VERSION "2.6.2"
| /* end confdefs.h.  */
| 
| int
| main (void)
| {
| 
|   ;
|   return 0;
| }
configure:12917: gcc -c -g  conftest.m >&5
gcc: fatal error: cannot execute 'cc1obj': execvp: No such file or directory
compilation terminated.
configure:12917: $? = 1
configure: failed program was:
| /* confdefs.h */
| #define PACKAGE_NAME "SDL2_image"
| #define PACKAGE_TARNAME "SDL2_image"
| #define PACKAGE_VERSION "2.6.2"
| #define PACKAGE_STRING "SDL2_image 2.6.2"
| #define PACKAGE_BUGREPORT "https://github.com/libsdl-org/SDL_image/issues"
| #define PACKAGE_URL ""
| #define HAVE_STDIO_H 1
| #define HAVE_STDLIB_H 1
| #define HAVE_STRING_H 1
| #define HAVE_INTTYPES_H 1
| #define HAVE_STDINT_H 1
| #define HAVE_STRINGS_H 1
| #define HAVE_SYS_STAT_H 1
| #define HAVE_SYS_TYPES_H 1
| #define HAVE_UNISTD_H 1
| #define STDC_HEADERS 1
| #define HAVE_DLFCN_H 1
| #define LT_OBJDIR ".libs/"
| #define SDL_BUILD_MAJOR_VERSION 2
| #define SDL_BUILD_MINOR_VERSION 6
| #define SDL_BUILD_MICRO_VERSION 2
| #define PACKAGE "SDL2_image"
| #define VERSION "2.6.2"
| /* end confdefs.h.  */
| 
| int
| main (void)
| {
| 
|   ;
|   return 0;
| }
configure:12928: result: no
configure:12953: checking dependency style of gcc
configure:13063: result: gcc3
configure:13126: checking for windres
configure:13161: result: no
configure:13181: checking whether make sets $(MAKE)
configure:13204: result: yes
configure:13272: checking for pkg-config
configure:13295: found /usr/bin/pkg-config
configure:13307: result: /usr/bin/pkg-config
configure:13332: checking pkg-config is at least version 0.9.0
configure:13335: result: yes
configure:13832: checking for sdl2 >= 2.0.9
configure:13839: $PKG_CONFIG --exists --print-errors "sdl2 >= $min_sdl_version"
configure:13842: $? = 0
configure:13856: $PKG_CONFIG --exists --print-errors "sdl2 >= $min_sdl_version"
configure:13859: $? = 0
configure:13897: result: yes
configure:14150: checking for libavif
configure:14157: $PKG_CONFIG --exists --print-errors "libavif"
Package libavif was not found in the pkg-config search path.
Perhaps you should add the directory containing `libavif.pc'
to the PKG_CONFIG_PATH environment variable
No package 'libavif' found
configure:14160: $? = 1
configure:14174: $PKG_CONFIG --exists --print-errors "libavif"
Package libavif was not found in the pkg-config search path.
Perhaps you should add the directory containing `libavif.pc'
to the PKG_CONFIG_PATH environment variable
No package 'libavif' found
configure:14177: $? = 1
configure:14191: result: no
No package 'libavif' found
configure:14207: checking for avif/avif.h
configure:14207: gcc -c -g -O2 -D_REENTRANT -I/usr/include/SDL2  conftest.c >&5
conftest.c:55:10: fatal error: avif/avif.h: No such file or directory
   55 | #include <avif/avif.h>
      |          ^~~~~~~~~~~~~
compilation terminated.
configure:14207: $? = 1
configure: failed program was:
| /* confdefs.h */
| #define PACKAGE_NAME "SDL2_image"
| #define PACKAGE_TARNAME "SDL2_image"
| #define PACKAGE_VERSION "2.6.2"
| #define PACKAGE_STRING "SDL2_image 2.6.2"
| #define PACKAGE_BUGREPORT "https://github.com/libsdl-org/SDL_image/issues"
| #define PACKAGE_URL ""
| #define HAVE_STDIO_H 1
| #define HAVE_STDLIB_H 1
| #define HAVE_STRING_H 1
| #define HAVE_INTTYPES_H 1
| #define HAVE_STDINT_H 1
| #define HAVE_STRINGS_H 1
| #define HAVE_SYS_STAT_H 1
| #define HAVE_SYS_TYPES_H 1
| #define HAVE_UNISTD_H 1
| #define STDC_HEADERS 1
| #define HAVE_DLFCN_H 1
| #define LT_OBJDIR ".libs/"
| #define SDL_BUILD_MAJOR_VERSION 2
| #define SDL_BUILD_MINOR_VERSION 6
| #define SDL_BUILD_MICRO_VERSION 2
| #define PACKAGE "SDL2_image"
| #define VERSION "2.6.2"
| #define USE_STBIMAGE 1
| /* end confdefs.h.  */
| #include <stddef.h>
| #ifdef HAVE_STDIO_H
| # include <stdio.h>
| #endif
| #ifdef HAVE_STDLIB_H
| # include <stdlib.h>
| #endif
| #ifdef HAVE_STRING_H
| # include <string.h>
| #endif
| #ifdef HAVE_INTTYPES_H
| # include <inttypes.h>
| #endif
| #ifdef HAVE_STDINT_H
| # include <stdint.h>
| #endif
| #ifdef HAVE_STRINGS_H
| # include <strings.h>
| #endif
| #ifdef HAVE_SYS_TYPES_H
| # include <sys/types.h>
| #endif
| #ifdef HAVE_SYS_STAT_H
| # include <sys/stat.h>
| #endif
| #ifdef HAVE_UNISTD_H
| # include <unistd.h>
| #endif
| #include <avif/avif.h>
configure:14207: result: no
configure:14216: checking for avifVersion in -lavif
configure:14239: gcc -o conftest -g -O2 -D_REENTRANT -I/usr/include/SDL2   conftest.c -lavif   -lSDL2 >&5
/usr/bin/ld: cannot find -lavif: No such file or directory
collect2: error: ld returned 1 exit status
configure:14239: $? = 1
configure: failed program was:
| /* confdefs.h */
| #define PACKAGE_NAME "SDL2_image"
| #define PACKAGE_TARNAME "SDL2_image"
| #define PACKAGE_VERSION "2.6.2"
| #define PACKAGE_STRING "SDL2_image 2.6.2"
| #define PACKAGE_BUGREPORT "https://github.com/libsdl-org/SDL_image/issues"
| #define PACKAGE_URL ""
| #define HAVE_STDIO_H 1
| #define HAVE_STDLIB_H 1
| #define HAVE_STRING_H 1
| #define HAVE_INTTYPES_H 1
| #define HAVE_STDINT_H 1
| #define HAVE_STRINGS_H 1
| #define HAVE_SYS_STAT_H 1
| #define HAVE_SYS_TYPES_H 1
| #define HAVE_UNISTD_H 1
| #define STDC_HEADERS 1
| #define HAVE_DLFCN_H 1
| #define LT_OBJDIR ".libs/"
| #define SDL_BUILD_MAJOR_VERSION 2
| #define SDL_BUILD_MINOR_VERSION 6
| #define SDL_BUILD_MICRO_VERSION 2
| #define PACKAGE "SDL2_image"
| #define VERSION "2.6.2"
| #define USE_STBIMAGE 1
| /* end confdefs.h.  */
| 
| /* Override any GCC internal prototype to avoid an error.
|    Use char because int might match the return type of a GCC
|    builtin and then its argument prototype would still apply.  */
| char avifVersion ();
| int
| main (void)
| {
| return avifVersion ();
|   ;
|   return 0;
| }
configure:14249: result: no
configure:14348: WARNING: *** Unable to find AVIF library (https://github.com/AOMediaCodec/libavif)
configure:14350: WARNING: AVIF image loading disabled
configure:14584: checking for libjxl
configure:14591: $PKG_CONFIG --exists --print-errors "libjxl"
Package libjxl was not found in the pkg-config search path.
Perhaps you should add the directory containing `libjxl.pc'
to the PKG_CONFIG_PATH environment variable
No package 'libjxl' found
configure:14594: $? = 1
configure:14608: $PKG_CONFIG --exists --print-errors "libjxl"
Package libjxl was not found in the pkg-config search path.
Perhaps you should add the directory containing `libjxl.pc'
to the PKG_CONFIG_PATH environment variable
No package 'libjxl' found
configure:14611: $? = 1
configure:14625: result: no
No package 'libjxl' found
configure:14641: checking for jxl/decode.h
configure:14641: gcc -c -g -O2 -D_REENTRANT -I/usr/include/SDL2  conftest.c >&5
conftest.c:56:10: fatal error: jxl/decode.h: No such file or directory
   56 | #include <jxl/decode.h>
      |          ^~~~~~~~~~~~~~
compilation terminated.
configure:14641: $? = 1
configure: failed program was:
| /* confdefs.h */
| #define PACKAGE_NAME "SDL2_image"
| #define PACKAGE_TARNAME "SDL2_image"
| #define PACKAGE_VERSION "2.6.2"
| #define PACKAGE_STRING "SDL2_image 2.6.2"
| #define PACKAGE_BUGREPORT "https://github.com/libsdl-org/SDL_image/issues"
| #define PACKAGE_URL ""
| #define HAVE_STDIO_H 1
| #define HAVE_STDLIB_H 1
| #define HAVE_STRING_H 1
| #define HAVE_INTTYPES_H 1
| #define HAVE_STDINT_H 1
| #define HAVE_STRINGS_H 1
| #define HAVE_SYS_STAT_H 1
| #define HAVE_SYS_TYPES_H 1
| #define HAVE_UNISTD_H 1
| #define STDC_HEADERS 1
| #define HAVE_DLFCN_H 1
| #define LT_OBJDIR ".libs/"
| #define SDL_BUILD_MAJOR_VERSION 2
| #define SDL_BUILD_MINOR_VERSION 6
| #define SDL_BUILD_MICRO_VERSION 2
| #define PACKAGE "SDL2_image"
| #define VERSION "2.6.2"
| #define USE_STBIMAGE 1
| #define LOAD_JPG 1
| /* end confdefs.h.  */
| #include <stddef.h>
| #ifdef HAVE_STDIO_H
| # include <stdio.h>
| #endif
| #ifdef HAVE_STDLIB_H
| # include <stdlib.h>
| #endif
| #ifdef HAVE_STRING_H
| # include <string.h>
| #endif
| #ifdef HAVE_INTTYPES_H
| # include <inttypes.h>
| #endif
| #ifdef HAVE_STDINT_H
| # include <stdint.h>
| #endif
| #ifdef HAVE_STRINGS_H
| # include <strings.h>
| #endif
| #ifdef HAVE_SYS_TYPES_H
| # include <sys/types.h>
| #endif
| #ifdef HAVE_SYS_STAT_H
| # include <sys/stat.h>
| #endif
| #ifdef HAVE_UNISTD_H
| # include <unistd.h>
| #endif
| #include <jxl/decode.h>
configure:14641: result: no
configure:14650: checking for JxlSignatureCheck in -ljxl
configure:14673: gcc -o conftest -g -O2 -D_REENTRANT -I/usr/include/SDL2   conftest.c -ljxl   -lSDL2 >&5
/usr/bin/ld: cannot find -ljxl: No such file or directory
collect2: error: ld returned 1 exit status
configure:14673: $? = 1
configure: failed program was:
| /* confdefs.h */
| #define PACKAGE_NAME "SDL2_image"
| #define PACKAGE_TARNAME "SDL2_image"
| #define PACKAGE_VERSION "2.6.2"
| #define PACKAGE_STRING "SDL2_image 2.6.2"
| #define PACKAGE_BUGREPORT "https://github.com/libsdl-org/SDL_image/issues"
| #define PACKAGE_URL ""
| #define HAVE_STDIO_H 1
| #define HAVE_STDLIB_H 1
| #define HAVE_STRING_H 1
| #define HAVE_INTTYPES_H 1
| #define HAVE_STDINT_H 1
| #define HAVE_STRINGS_H 1
| #define HAVE_SYS_STAT_H 1
| #define HAVE_SYS_TYPES_H 1
| #define HAVE_UNISTD_H 1
| #define STDC_HEADERS 1
| #define HAVE_DLFCN_H 1
| #define LT_OBJDIR ".libs/"
| #define SDL_BUILD_MAJOR_VERSION 2
| #define SDL_BUILD_MINOR_VERSION 6
| #define SDL_BUILD_MICRO_VERSION 2
| #define PACKAGE "SDL2_image"
| #define VERSION "2.6.2"
| #define USE_STBIMAGE 1
| #define LOAD_JPG 1
| /* end confdefs.h.  */
| 
| /* Override any GCC internal prototype to avoid an error.
|    Use char because int might match the return type of a GCC
|    builtin and then its argument prototype would still apply.  */
| char JxlSignatureCheck ();
| int
| main (void)
| {
| return JxlSignatureCheck ();
|   ;
|   return 0;
| }
configure:14683: result: no
configure:14782: WARNING: *** Unable to find JXL library (https://jpegxl.info/)
configure:14784: WARNING: JXL image loading disabled
configure:15016: checking for libtiff-4
configure:15023: $PKG_CONFIG --exists --print-errors "libtiff-4"
Package libtiff-4 was not found in the pkg-config search path.
Perhaps you should add the directory containing `libtiff-4.pc'
to the PKG_CONFIG_PATH environment variable
No package 'libtiff-4' found
configure:15026: $? = 1
configure:15040: $PKG_CONFIG --exists --print-errors "libtiff-4"
Package libtiff-4 was not found in the pkg-config search path.
Perhaps you should add the directory containing `libtiff-4.pc'
to the PKG_CONFIG_PATH environment variable
No package 'libtiff-4' found
configure:15043: $? = 1
configure:15057: result: no
No package 'libtiff-4' found
configure:15073: checking for tiffio.h
configure:15073: gcc -c -g -O2 -D_REENTRANT -I/usr/include/SDL2  conftest.c >&5
conftest.c:57:10: fatal error: tiffio.h: No such file or directory
   57 | #include <tiffio.h>
      |          ^~~~~~~~~~
compilation terminated.
configure:15073: $? = 1
configure: failed program was:
| /* confdefs.h */
| #define PACKAGE_NAME "SDL2_image"
| #define PACKAGE_TARNAME "SDL2_image"
| #define PACKAGE_VERSION "2.6.2"
| #define PACKAGE_STRING "SDL2_image 2.6.2"
| #define PACKAGE_BUGREPORT "https://github.com/libsdl-org/SDL_image/issues"
| #define PACKAGE_URL ""
| #define HAVE_STDIO_H 1
| #define HAVE_STDLIB_H 1
| #define HAVE_STRING_H 1
| #define HAVE_INTTYPES_H 1
| #define HAVE_STDINT_H 1
| #define HAVE_STRINGS_H 1
| #define HAVE_SYS_STAT_H 1
| #define HAVE_SYS_TYPES_H 1
| #define HAVE_UNISTD_H 1
| #define STDC_HEADERS 1
| #define HAVE_DLFCN_H 1
| #define LT_OBJDIR ".libs/"
| #define SDL_BUILD_MAJOR_VERSION 2
| #define SDL_BUILD_MINOR_VERSION 6
| #define SDL_BUILD_MICRO_VERSION 2
| #define PACKAGE "SDL2_image"
| #define VERSION "2.6.2"
| #define USE_STBIMAGE 1
| #define LOAD_JPG 1
| #define LOAD_PNG 1
| /* end confdefs.h.  */
| #include <stddef.h>
| #ifdef HAVE_STDIO_H
| # include <stdio.h>
| #endif
| #ifdef HAVE_STDLIB_H
| # include <stdlib.h>
| #endif
| #ifdef HAVE_STRING_H
| # include <string.h>
| #endif
| #ifdef HAVE_INTTYPES_H
| # include <inttypes.h>
| #endif
| #ifdef HAVE_STDINT_H
| # include <stdint.h>
| #endif
| #ifdef HAVE_STRINGS_H
| # include <strings.h>
| #endif
| #ifdef HAVE_SYS_TYPES_H
| # include <sys/types.h>
| #endif
| #ifdef HAVE_SYS_STAT_H
| # include <sys/stat.h>
| #endif
| #ifdef HAVE_UNISTD_H
| # include <unistd.h>
| #endif
| #include <tiffio.h>
configure:15073: result: no
configure:15082: checking for TIFFClientOpen in -ltiff
configure:15105: gcc -o conftest -g -O2 -D_REENTRANT -I/usr/include/SDL2   conftest.c -ltiff -lz  -lSDL2 >&5
/usr/bin/ld: cannot find -ltiff: No such file or directory
collect2: error: ld returned 1 exit status
configure:15105: $? = 1
configure: failed program was:
| /* confdefs.h */
| #define PACKAGE_NAME "SDL2_image"
| #define PACKAGE_TARNAME "SDL2_image"
| #define PACKAGE_VERSION "2.6.2"
| #define PACKAGE_STRING "SDL2_image 2.6.2"
| #define PACKAGE_BUGREPORT "https://github.com/libsdl-org/SDL_image/issues"
| #define PACKAGE_URL ""
| #define HAVE_STDIO_H 1
| #define HAVE_STDLIB_H 1
| #define HAVE_STRING_H 1
| #define HAVE_INTTYPES_H 1
| #define HAVE_STDINT_H 1
| #define HAVE_STRINGS_H 1
| #define HAVE_SYS_STAT_H 1
| #define HAVE_SYS_TYPES_H 1
| #define HAVE_UNISTD_H 1
| #define STDC_HEADERS 1
| #define HAVE_DLFCN_H 1
| #define LT_OBJDIR ".libs/"
| #define SDL_BUILD_MAJOR_VERSION 2
| #define SDL_BUILD_MINOR_VERSION 6
| #define SDL_BUILD_MICRO_VERSION 2
| #define PACKAGE "SDL2_image"
| #define VERSION "2.6.2"
| #define USE_STBIMAGE 1
| #define LOAD_JPG 1
| #define LOAD_PNG 1
| /* end confdefs.h.  */
| 
| /* Override any GCC internal prototype to avoid an error.
|    Use char because int might match the return type of a GCC
|    builtin and then its argument prototype would still apply.  */
| char TIFFClientOpen ();
| int
| main (void)
| {
| return TIFFClientOpen ();
|   ;
|   return 0;
| }
configure:15115: result: no
configure:15212: WARNING: *** Unable to find Tiff library (http://www.simplesystems.org/libtiff/)
configure:15214: WARNING: TIF image loading disabled
configure:15230: checking for libwebp
configure:15237: $PKG_CONFIG --exists --print-errors "lib$webplib"
Package libwebp was not found in the pkg-config search path.
Perhaps you should add the directory containing `libwebp.pc'
to the PKG_CONFIG_PATH environment variable
No package 'libwebp' found
configure:15240: $? = 1
configure:15254: $PKG_CONFIG --exists --print-errors "lib$webplib"
Package libwebp was not found in the pkg-config search path.
Perhaps you should add the directory containing `libwebp.pc'
to the PKG_CONFIG_PATH environment variable
No package 'libwebp' found
configure:15257: $? = 1
configure:15271: result: no
No package 'libwebp' found
configure:15287: checking for webp/decode.h
configure:15287: gcc -c -g -O2 -D_REENTRANT -I/usr/include/SDL2  conftest.c >&5
conftest.c:57:10: fatal error: webp/decode.h: No such file or directory
   57 | #include <webp/decode.h>
      |          ^~~~~~~~~~~~~~~
compilation terminated.
configure:15287: $? = 1
configure: failed program was:
| /* confdefs.h */
| #define PACKAGE_NAME "SDL2_image"
| #define PACKAGE_TARNAME "SDL2_image"
| #define PACKAGE_VERSION "2.6.2"
| #define PACKAGE_STRING "SDL2_image 2.6.2"
| #define PACKAGE_BUGREPORT "https://github.com/libsdl-org/SDL_image/issues"
| #define PACKAGE_URL ""
| #define HAVE_STDIO_H 1
| #define HAVE_STDLIB_H 1
| #define HAVE_STRING_H 1
| #define HAVE_INTTYPES_H 1
| #define HAVE_STDINT_H 1
| #define HAVE_STRINGS_H 1
| #define HAVE_SYS_STAT_H 1
| #define HAVE_SYS_TYPES_H 1
| #define HAVE_UNISTD_H 1
| #define STDC_HEADERS 1
| #define HAVE_DLFCN_H 1
| #define LT_OBJDIR ".libs/"
| #define SDL_BUILD_MAJOR_VERSION 2
| #define SDL_BUILD_MINOR_VERSION 6
| #define SDL_BUILD_MICRO_VERSION 2
| #define PACKAGE "SDL2_image"
| #define VERSION "2.6.2"
| #define USE_STBIMAGE 1
| #define LOAD_JPG 1
| #define LOAD_PNG 1
| /* end confdefs.h.  */
| #include <stddef.h>
| #ifdef HAVE_STDIO_H
| # include <stdio.h>
| #endif
| #ifdef HAVE_STDLIB_H
| # include <stdlib.h>
| #endif
| #ifdef HAVE_STRING_H
| # include <string.h>
| #endif
| #ifdef HAVE_INTTYPES_H
| # include <inttypes.h>
| #endif
| #ifdef HAVE_STDINT_H
| # include <stdint.h>
| #endif
| #ifdef HAVE_STRINGS_H
| # include <strings.h>
| #endif
| #ifdef HAVE_SYS_TYPES_H
| # include <sys/types.h>
| #endif
| #ifdef HAVE_SYS_STAT_H
| # include <sys/stat.h>
| #endif
| #ifdef HAVE_UNISTD_H
| # include <unistd.h>
| #endif
| #include <webp/decode.h>
configure:15287: result: no
configure:15297: checking for WebPGetDecoderVersion in -lwebp
configure:15320: gcc -o conftest -g -O2 -D_REENTRANT -I/usr/include/SDL2   conftest.c -lwebp -lm  -lSDL2 >&5
/usr/bin/ld: cannot find -lwebp: No such file or directory
collect2: error: ld returned 1 exit status
configure:15320: $? = 1
configure: failed program was:
| /* confdefs.h */
| #define PACKAGE_NAME "SDL2_image"
| #define PACKAGE_TARNAME "SDL2_image"
| #define PACKAGE_VERSION "2.6.2"
| #define PACKAGE_STRING "SDL2_image 2.6.2"
| #define PACKAGE_BUGREPORT "https://github.com/libsdl-org/SDL_image/issues"
| #define PACKAGE_URL ""
| #define HAVE_STDIO_H 1
| #define HAVE_STDLIB_H 1
| #define HAVE_STRING_H 1
| #define HAVE_INTTYPES_H 1
| #define HAVE_STDINT_H 1
| #define HAVE_STRINGS_H 1
| #define HAVE_SYS_STAT_H 1
| #define HAVE_SYS_TYPES_H 1
| #define HAVE_UNISTD_H 1
| #define STDC_HEADERS 1
| #define HAVE_DLFCN_H 1
| #define LT_OBJDIR ".libs/"
| #define SDL_BUILD_MAJOR_VERSION 2
| #define SDL_BUILD_MINOR_VERSION 6
| #define SDL_BUILD_MICRO_VERSION 2
| #define PACKAGE "SDL2_image"
| #define VERSION "2.6.2"
| #define USE_STBIMAGE 1
| #define LOAD_JPG 1
| #define LOAD_PNG 1
| /* end confdefs.h.  */
| 
| /* Override any GCC internal prototype to avoid an error.
|    Use char because int might match the return type of a GCC
|    builtin and then its argument prototype would still apply.  */
| char WebPGetDecoderVersion ();
| int
| main (void)
| {
| return WebPGetDecoderVersion ();
|   ;
|   return 0;
| }
configure:15331: result: no
configure:15430: WARNING: *** Unable to find WEBP library (https://developers.google.com/speed/webp)
configure:15432: WARNING: WEBP image loading disabled
configure:13439: checking for linker option --no-undefined
configure:13459: gcc -o conftest -g -O2 -D_REENTRANT -I/usr/include/SDL2   -Wl,--no-undefined conftest.c  -lSDL2 >&5
configure:13459: $? = 0
configure:13469: result: yes
configure:13475: checking for GCC -Wall option
configure:13492: gcc -c -g -O2 -D_REENTRANT -I/usr/include/SDL2 -Wall  conftest.c >&5
configure:13492: $? = 0
configure:13497: result: yes
configure:13504: checking for necessary GCC -Wno-multichar option
configure:13512: result: no
configure:13522: checking for GCC -fvisibility=hidden option
configure:13551: gcc -c -g -O2 -D_REENTRANT -I/usr/include/SDL2 -Wall -fvisibility=hidden -Werror  conftest.c >&5
configure:13551: $? = 0
configure:13556: result: yes
configure:15920: checking that generated files are newer than configure
configure:15926: result: done
configure:15969: creating ./config.status

## ---------------------- ##
## Running config.status. ##
## ---------------------- ##

This file was extended by SDL2_image config.status 2.6.2, which was
generated by GNU Autoconf 2.71.  Invocation command line was

  CONFIG_FILES    = 
  CONFIG_HEADERS  = 
  CONFIG_LINKS    = 
  CONFIG_COMMANDS = 
  $ ./config.status 

on alexis-MS-7B16

config.status:1062: creating Makefile
config.status:1062: creating sdl2_image-config.cmake
config.status:1062: creating sdl2_image-config-version.cmake
config.status:1062: creating SDL2_image.spec
config.status:1062: creating SDL2_image.pc
config.status:1062: creating test/Makefile
config.status:1234: executing libtool commands
config.status:1234: executing depfiles commands
config.status:1953: cd .       && sed -e '/# am--include-marker/d' Makefile         | make -f - am--depfiles
config.status:1958: $? = 0
config.status:1953: cd test       && sed -e '/# am--include-marker/d' Makefile         | make -f - am--depfiles
config.status:1958: $? = 0

## ---------------- ##
## Cache variables. ##
## ---------------- ##

ac_cv_build=x86_64-pc-linux-gnu
ac_cv_c_compiler_gnu=yes
ac_cv_env_CC_set=
ac_cv_env_CC_value=
ac_cv_env_CFLAGS_set=
ac_cv_env_CFLAGS_value=
ac_cv_env_CPPFLAGS_set=
ac_cv_env_CPPFLAGS_value=
ac_cv_env_LDFLAGS_set=
ac_cv_env_LDFLAGS_value=
ac_cv_env_LIBAVIF_CFLAGS_set=
ac_cv_env_LIBAVIF_CFLAGS_value=
ac_cv_env_LIBAVIF_LIBS_set=
ac_cv_env_LIBAVIF_LIBS_value=
ac_cv_env_LIBJPEG_CFLAGS_set=
ac_cv_env_LIBJPEG_CFLAGS_value=
ac_cv_env_LIBJPEG_LIBS_set=
ac_cv_env_LIBJPEG_LIBS_value=
ac_cv_env_LIBJXL_CFLAGS_set=
ac_cv_env_LIBJXL_CFLAGS_value=
ac_cv_env_LIBJXL_LIBS_set=
ac_cv_env_LIBJXL_LIBS_value=
ac_cv_env_LIBPNG_CFLAGS_set=
ac_cv_env_LIBPNG_CFLAGS_value=
ac_cv_env_LIBPNG_LIBS_set=
ac_cv_env_LIBPNG_LIBS_value=
ac_cv_env_LIBS_set=
ac_cv_env_LIBS_value=
ac_cv_env_LIBTIFF_CFLAGS_set=
ac_cv_env_LIBTIFF_CFLAGS_value=
ac_cv_env_LIBTIFF_LIBS_set=
ac_cv_env_LIBTIFF_LIBS_value=
ac_cv_env_LIBWEBP_CFLAGS_set=
ac_cv_env_LIBWEBP_CFLAGS_value=
ac_cv_env_LIBWEBP_LIBS_set=
ac_cv_env_LIBWEBP_LIBS_value=
ac_cv_env_OBJCFLAGS_set=
ac_cv_env_OBJCFLAGS_value=
ac_cv_env_OBJC_set=
ac_cv_env_OBJC_value=
ac_cv_env_PKG_CONFIG_LIBDIR_set=
ac_cv_env_PKG_CONFIG_LIBDIR_value=
ac_cv_env_PKG_CONFIG_PATH_set=
ac_cv_env_PKG_CONFIG_PATH_value=
ac_cv_env_PKG_CONFIG_set=
ac_cv_env_PKG_CONFIG_value=
ac_cv_env_SDL_CFLAGS_set=
ac_cv_env_SDL_CFLAGS_value=
ac_cv_env_SDL_LIBS_set=
ac_cv_env_SDL_LIBS_value=
ac_cv_env_build_alias_set=
ac_cv_env_build_alias_value=
ac_cv_env_host_alias_set=
ac_cv_env_host_alias_value=
ac_cv_env_target_alias_set=
ac_cv_env_target_alias_value=
ac_cv_header_avif_avif_h=no
ac_cv_header_dlfcn_h=yes
ac_cv_header_inttypes_h=yes
ac_cv_header_jxl_decode_h=no
ac_cv_header_stdint_h=yes
ac_cv_header_stdio_h=yes
ac_cv_header_stdlib_h=yes
ac_cv_header_string_h=yes
ac_cv_header_strings_h=yes
ac_cv_header_sys_stat_h=yes
ac_cv_header_sys_types_h=yes
ac_cv_header_tiffio_h=no
ac_cv_header_unistd_h=yes
ac_cv_header_webp_decode_h=no
ac_cv_host=x86_64-pc-linux-gnu
ac_cv_lib_avif_avifVersion=no
ac_cv_lib_jxl_JxlSignatureCheck=no
ac_cv_lib_tiff_TIFFClientOpen=no
ac_cv_lib_webp_WebPGetDecoderVersion=no
ac_cv_objc_compiler_gnu=no
ac_cv_objext=o
ac_cv_path_EGREP='/usr/bin/grep -E'
ac_cv_path_FGREP='/usr/bin/grep -F'
ac_cv_path_GREP=/usr/bin/grep
ac_cv_path_SED=/usr/bin/sed
ac_cv_path_ac_pt_PKG_CONFIG=/usr/bin/pkg-config
ac_cv_path_install='/usr/bin/install -c'
ac_cv_path_mkdir=/usr/bin/mkdir
ac_cv_prog_AWK=mawk
ac_cv_prog_ac_ct_AR=ar
ac_cv_prog_ac_ct_CC=gcc
ac_cv_prog_ac_ct_OBJC=gcc
ac_cv_prog_ac_ct_OBJDUMP=objdump
ac_cv_prog_ac_ct_RANLIB=ranlib
ac_cv_prog_ac_ct_STRIP=strip
ac_cv_prog_cc_c11=
ac_cv_prog_cc_g=yes
ac_cv_prog_cc_stdc=
ac_cv_prog_make_make_set=yes
ac_cv_prog_objc_g=no
am_cv_CC_dependencies_compiler_type=gcc3
am_cv_OBJC_dependencies_compiler_type=gcc3
am_cv_make_support_nested_variables=yes
am_cv_prog_cc_c_o=yes
am_cv_prog_tar_ustar=gnutar
lt_cv_deplibs_check_method=pass_all
lt_cv_file_magic_cmd='$MAGIC_CMD'
lt_cv_file_magic_test_file=
lt_cv_ld_reload_flag=-r
lt_cv_nm_interface='BSD nm'
lt_cv_objdir=.libs
lt_cv_path_LD=/usr/bin/ld
lt_cv_path_NM='/usr/bin/nm -B'
lt_cv_prog_compiler_c_o=yes
lt_cv_prog_compiler_pic_works=yes
lt_cv_prog_compiler_rtti_exceptions=no
lt_cv_prog_compiler_static_works=yes
lt_cv_prog_gnu_ld=yes
lt_cv_sys_global_symbol_pipe='sed -n -e '\''s/^.*[	 ]\([ABCDGIRSTW][ABCDGIRSTW]*\)[	 ][	 ]*\([_A-Za-z][_A-Za-z0-9]*\)$/\1 \2 \2/p'\'''
lt_cv_sys_global_symbol_to_c_name_address='sed -n -e '\''s/^: \([^ ]*\) $/  {\"\1\", (void *) 0},/p'\'' -e '\''s/^[ABCDGIRSTW]* \([^ ]*\) \([^ ]*\)$/  {"\2", (void *) \&\2},/p'\'''
lt_cv_sys_global_symbol_to_c_name_address_lib_prefix='sed -n -e '\''s/^: \([^ ]*\) $/  {\"\1\", (void *) 0},/p'\'' -e '\''s/^[ABCDGIRSTW]* \([^ ]*\) \(lib[^ ]*\)$/  {"\2", (void *) \&\2},/p'\'' -e '\''s/^[ABCDGIRSTW]* \([^ ]*\) \([^ ]*\)$/  {"lib\2", (void *) \&\2},/p'\'''
lt_cv_sys_global_symbol_to_cdecl='sed -n -e '\''s/^T .* \(.*\)$/extern int \1();/p'\'' -e '\''s/^[ABCDGIRSTW]* .* \(.*\)$/extern char \1;/p'\'''
lt_cv_sys_max_cmd_len=1572864
pkg_cv_SDL_CFLAGS='-D_REENTRANT -I/usr/include/SDL2'
pkg_cv_SDL_LIBS=-lSDL2

## ----------------- ##
## Output variables. ##
## ----------------- ##

ACLOCAL='${SHELL} '\''/home/alexis/Documents/projet/Prog_Avance_Fight_game/SDL_image-release-2.6.2/missing'\'' aclocal-1.16'
AMDEPBACKSLASH='\'
AMDEP_FALSE='#'
AMDEP_TRUE=''
AMTAR='$${TAR-tar}'
AM_BACKSLASH='\'
AM_DEFAULT_V='$(AM_DEFAULT_VERBOSITY)'
AM_DEFAULT_VERBOSITY='1'
AM_V='$(V)'
AR='ar'
AS='as'
AUTOCONF='${SHELL} '\''/home/alexis/Documents/projet/Prog_Avance_Fight_game/SDL_image-release-2.6.2/missing'\'' autoconf'
AUTOHEADER='${SHELL} '\''/home/alexis/Documents/projet/Prog_Avance_Fight_game/SDL_image-release-2.6.2/missing'\'' autoheader'
AUTOMAKE='${SHELL} '\''/home/alexis/Documents/projet/Prog_Avance_Fight_game/SDL_image-release-2.6.2/missing'\'' automake-1.16'
AWK='mawk'
BUILD_TESTS_FALSE=''
BUILD_TESTS_TRUE='#'
CC='gcc'
CCDEPMODE='depmode=gcc3'
CFLAGS='-g -O2 -D_REENTRANT -I/usr/include/SDL2 -Wall -fvisibility=hidden'
CPPFLAGS=''
CSCOPE='cscope'
CTAGS='ctags'
CYGPATH_W='echo'
DEFS='-DPACKAGE_NAME=\"SDL2_image\" -DPACKAGE_TARNAME=\"SDL2_image\" -DPACKAGE_VERSION=\"2.6.2\" -DPACKAGE_STRING=\"SDL2_image\ 2.6.2\" -DPACKAGE_BUGREPORT=\"https://github.com/libsdl-org/SDL_image/issues\" -DPACKAGE_URL=\"\" -DHAVE_STDIO_H=1 -DHAVE_STDLIB_H=1 -DHAVE_STRING_H=1 -DHAVE_INTTYPES_H=1 -DHAVE_STDINT_H=1 -DHAVE_STRINGS_H=1 -DHAVE_SYS_STAT_H=1 -DHAVE_SYS_TYPES_H=1 -DHAVE_UNISTD_H=1 -DSTDC_HEADERS=1 -DHAVE_DLFCN_H=1 -DLT_OBJDIR=\".libs/\" -DSDL_BUILD_MAJOR_VERSION=2 -DSDL_BUILD_MINOR_VERSION=6 -DSDL_BUILD_MICRO_VERSION=2 -DPACKAGE=\"SDL2_image\" -DVERSION=\"2.6.2\" -DUSE_STBIMAGE=1 -DLOAD_JPG=1 -DLOAD_PNG=1 -DLOAD_BMP=1 -DLOAD_GIF=1 -DLOAD_LBM=1 -DLOAD_PCX=1 -DLOAD_PNM=1 -DLOAD_SVG=1 -DLOAD_TGA=1 -DLOAD_XCF=1 -DLOAD_XPM=1 -DLOAD_XV=1 -DLOAD_QOI=1 -DSDL_IMAGE_SAVE_PNG=1 -DSDL_IMAGE_SAVE_JPG=1'
DEPDIR='.deps'
DLLTOOL='dlltool'
DSYMUTIL=''
DUMPBIN=''
ECHO_C=''
ECHO_N='-n'
ECHO_T=''
EGREP='/usr/bin/grep -E'
ETAGS='etags'
EXEEXT=''
FGREP='/usr/bin/grep -F'
GREP='/usr/bin/grep'
IMG_LIBS=''
INSTALL_DATA='${INSTALL} -m 644'
INSTALL_PROGRAM='${INSTALL}'
INSTALL_SCRIPT='${INSTALL}'
INSTALL_STRIP_PROGRAM='$(install_sh) -c -s'
INSTALL_TESTS_FALSE=''
INSTALL_TESTS_TRUE='#'
LD='/usr/bin/ld -m elf_x86_64'
LDFLAGS=' -Wl,--no-undefined'
LIBAVIF_CFLAGS=''
LIBAVIF_LIBS=''
LIBJPEG_CFLAGS=''
LIBJPEG_LIBS=''
LIBJXL_CFLAGS=''
LIBJXL_LIBS=''
LIBOBJS=''
LIBPNG_CFLAGS=''
LIBPNG_LIBS=''
LIBS=' -lSDL2'
LIBTIFF_CFLAGS=''
LIBTIFF_LIBS=''
LIBTOOL='$(SHELL) $(top_builddir)/libtool'
LIBWEBP_CFLAGS=''
LIBWEBP_LIBS=''
LIPO=''
LN_S='ln -s'
LOAD_AVIF='0'
LOAD_BMP='1'
LOAD_GIF='1'
LOAD_JPG='1'
LOAD_JXL='0'
LOAD_LBM='1'
LOAD_PCX='1'
LOAD_PNG='1'
LOAD_PNM='1'
LOAD_QOI='1'
LOAD_SVG='1'
LOAD_TGA='1'
LOAD_TIF='0'
LOAD_WEBP='0'
LOAD_XCF='1'
LOAD_XPM='1'
LOAD_XV='1'
LTLIBOBJS=''
LT_AGE='600'
LT_CURRENT='600'
LT_EXTRA=''
LT_RELEASE='2.0'
LT_REVISION='2'
MAJOR_VERSION='2'
MAKEINFO='${SHELL} '\''/home/alexis/Documents/projet/Prog_Avance_Fight_game/SDL_image-release-2.6.2/missing'\'' makeinfo'
MICRO_VERSION='2'
MINOR_VERSION='6'
MKDIR_P='/usr/bin/mkdir -p'
NM='/usr/bin/nm -B'
NMEDIT=''
OBJC='gcc'
OBJCDEPMODE='depmode=gcc3'
OBJCFLAGS='-g -O2 -D_REENTRANT -I/usr/include/SDL2 -Wall -fvisibility=hidden'
OBJDUMP='objdump'
OBJEXT='o'
OTOOL64=''
OTOOL=''
PACKAGE='SDL2_image'
PACKAGE_BUGREPORT='https://github.com/libsdl-org/SDL_image/issues'
PACKAGE_NAME='SDL2_image'
PACKAGE_STRING='SDL2_image 2.6.2'
PACKAGE_TARNAME='SDL2_image'
PACKAGE_URL=''
PACKAGE_VERSION='2.6.2'
PATH_SEPARATOR=':'
PC_LIBS=''
PC_REQUIRES=''
PKG_CONFIG='/usr/bin/pkg-config'
PKG_CONFIG_LIBDIR=''
PKG_CONFIG_PATH=''
RANLIB='ranlib'
RC=':'
SDL2IMAGE_JPG_SAVE='1'
SDL2IMAGE_PNG_SAVE='1'
SDL2_CONFIG='pkg-config sdl2'
SDL_CFLAGS='-D_REENTRANT -I/usr/include/SDL2'
SDL_LIBS='-lSDL2'
SDL_VERSION='2.0.9'
SED='/usr/bin/sed'
SET_MAKE=''
SHELL='/bin/bash'
STRIP='strip'
USE_IMAGEIO='0'
USE_IMAGEIO_FALSE=''
USE_IMAGEIO_TRUE='#'
USE_STBIMAGE='1'
USE_VERSION_RC_FALSE=''
USE_VERSION_RC_TRUE='#'
USE_WIC='0'
VERSION='2.6.2'
ac_ct_CC='gcc'
ac_ct_DUMPBIN=''
ac_ct_OBJC='gcc'
am__EXEEXT_FALSE=''
am__EXEEXT_TRUE='#'
am__fastdepCC_FALSE='#'
am__fastdepCC_TRUE=''
am__fastdepOBJC_FALSE='#'
am__fastdepOBJC_TRUE=''
am__include='include'
am__isrc=''
am__leading_dot='.'
am__nodep='_no'
am__quote=''
am__tar='tar --format=ustar -cf - "$$tardir"'
am__untar='tar -xf -'
bindir='${exec_prefix}/bin'
build='x86_64-pc-linux-gnu'
build_alias=''
build_cpu='x86_64'
build_os='linux-gnu'
build_vendor='pc'
cmake_prefix_relpath='../../..'
datadir='${datarootdir}'
datarootdir='${prefix}/share'
docdir='${datarootdir}/doc/${PACKAGE_TARNAME}'
dvidir='${docdir}'
exec_prefix='${prefix}'
host='x86_64-pc-linux-gnu'
host_alias=''
host_cpu='x86_64'
host_os='linux-gnu'
host_vendor='pc'
htmldir='${docdir}'
includedir='${prefix}/include'
infodir='${datarootdir}/info'
install_sh='${SHELL} /home/alexis/Documents/projet/Prog_Avance_Fight_game/SDL_image-release-2.6.2/install-sh'
libdir='${exec_prefix}/lib'
libexecdir='${exec_prefix}/libexec'
localedir='${datarootdir}/locale'
localstatedir='${prefix}/var'
lt_ECHO='echo'
mandir='${datarootdir}/man'
mkdir_p='$(MKDIR_P)'
oldincludedir='/usr/include'
pdfdir='${docdir}'
prefix='/usr/local'
program_transform_name='s,x,x,'
psdir='${docdir}'
runstatedir='${localstatedir}/run'
sbindir='${exec_prefix}/sbin'
sharedstatedir='${prefix}/com'
sysconfdir='${prefix}/etc'
target_alias=''

## ----------- ##
## confdefs.h. ##
## ----------- ##

/* confdefs.h */
#define PACKAGE_NAME "SDL2_image"
#define PACKAGE_TARNAME "SDL2_image"
#define PACKAGE_VERSION "2.6.2"
#define PACKAGE_STRING "SDL2_image 2.6.2"
#define PACKAGE_BUGREPORT "https://github.com/libsdl-org/SDL_image/issues"
#define PACKAGE_URL ""
#define HAVE_STDIO_H 1
#define HAVE_STDLIB_H 1
#define HAVE_STRING_H 1
#define HAVE_INTTYPES_H 1
#define HAVE_STDINT_H 1
#define HAVE_STRINGS_H 1
#define HAVE_SYS_STAT_H 1
#define HAVE_SYS_TYPES_H 1
#define HAVE_UNISTD_H 1
#define STDC_HEADERS 1
#define HAVE_DLFCN_H 1
#define LT_OBJDIR ".libs/"
#define SDL_BUILD_MAJOR_VERSION 2
#define SDL_BUILD_MINOR_VERSION 6
#define SDL_BUILD_MICRO_VERSION 2
#define PACKAGE "SDL2_image"
#define VERSION "2.6.2"
#define USE_STBIMAGE 1
#define LOAD_JPG 1
#define LOAD_PNG 1
#define LOAD_BMP 1
#define LOAD_GIF 1
#define LOAD_LBM 1
#define LOAD_PCX 1
#define LOAD_PNM 1
#define LOAD_SVG 1
#define LOAD_TGA 1
#define LOAD_XCF 1
#define LOAD_XPM 1
#define LOAD_XV 1
#define LOAD_QOI 1
#define SDL_IMAGE_SAVE_PNG 1
#define SDL_IMAGE_SAVE_JPG 1

configure: exit 0
